MagicLens/app/build/outputs/logs/manifest-merger-debug-report.txt
-- Merging decision tree log ---
manifest
ADDED from src\main\AndroidManifest.xml:2:1-37:12
	package
		ADDED from src\main\AndroidManifest.xml:2:70-100
		INJECTED from src\main\AndroidManifest.xml
		INJECTED from src\main\AndroidManifest.xml
	android:versionName
		ADDED from src\main\AndroidManifest.xml:2:101-126
		INJECTED from src\main\AndroidManifest.xml
		INJECTED from src\main\AndroidManifest.xml
	android:versionCode
		ADDED from src\main\AndroidManifest.xml:2:127-150
		INJECTED from src\main\AndroidManifest.xml
		INJECTED from src\main\AndroidManifest.xml
	xmlns:android
		ADDED from src\main\AndroidManifest.xml:2:11-69
	android:installLocation
		ADDED from src\main\AndroidManifest.xml:2:151-191
supports-screens
ADDED from src\main\AndroidManifest.xml:3:3-163
	android:largeScreens
		ADDED from src\main\AndroidManifest.xml:3:78-105
	android:smallScreens
		ADDED from src\main\AndroidManifest.xml:3:21-48
	android:normalScreens
		ADDED from src\main\AndroidManifest.xml:3:49-77
	android:xlargeScreens
		ADDED from src\main\AndroidManifest.xml:3:106-134
	android:anyDensity
		ADDED from src\main\AndroidManifest.xml:3:135-160
application
ADDED from src\main\AndroidManifest.xml:4:3-26:17
	android:label
		ADDED from src\main\AndroidManifest.xml:4:50-82
	android:debuggable
		ADDED from src\main\AndroidManifest.xml:4:83-109
	android:icon
		ADDED from src\main\AndroidManifest.xml:4:16-49
	android:banner
		ADDED from src\main\AndroidManifest.xml:4:132-169
	android:isGame
		ADDED from src\main\AndroidManifest.xml:4:110-131
activity#cn.hiscene.MagicLens.UnityPlayerActivity
ADDED from src\main\AndroidManifest.xml:5:5-11:16
	android:screenOrientation
		ADDED from src\main\AndroidManifest.xml:5:48-85
	android:label
		ADDED from src\main\AndroidManifest.xml:5:15-47
	android:launchMode
		ADDED from src\main\AndroidManifest.xml:5:86-117
	android:configChanges
		ADDED from src\main\AndroidManifest.xml:5:118-275
	android:name
		ADDED from src\main\AndroidManifest.xml:5:276-331
intent-filter#android.intent.action.MAIN+android.intent.category.LAUNCHER+android.intent.category.LEANBACK_LAUNCHER
ADDED from src\main\AndroidManifest.xml:6:7-10:23
action#android.intent.action.MAIN
ADDED from src\main\AndroidManifest.xml:7:9-61
	android:name
		ADDED from src\main\AndroidManifest.xml:7:17-58
category#android.intent.category.LAUNCHER
ADDED from src\main\AndroidManifest.xml:8:9-69
	android:name
		ADDED from src\main\AndroidManifest.xml:8:19-66
category#android.intent.category.LEANBACK_LAUNCHER
ADDED from src\main\AndroidManifest.xml:9:9-78
	android:name
		ADDED from src\main\AndroidManifest.xml:9:19-75
meta-data#glass3d
ADDED from src\main\AndroidManifest.xml:12:5-62
	android:value
		ADDED from src\main\AndroidManifest.xml:12:39-59
	android:name
		ADDED from src\main\AndroidManifest.xml:12:16-38
meta-data#call_name
ADDED from src\main\AndroidManifest.xml:13:5-62
	android:value
		ADDED from src\main\AndroidManifest.xml:13:41-59
	android:name
		ADDED from src\main\AndroidManifest.xml:13:16-40
uses-feature#0x00020000
ADDED from src\main\AndroidManifest.xml:27:3-52
	android:glEsVersion
		ADDED from src\main\AndroidManifest.xml:27:17-49
uses-sdk
ADDED from src\main\AndroidManifest.xml:28:3-72
	android:targetSdkVersion
		ADDED from src\main\AndroidManifest.xml:28:40-69
		INJECTED from src\main\AndroidManifest.xml
		INJECTED from src\main\AndroidManifest.xml
	android:minSdkVersion
		ADDED from src\main\AndroidManifest.xml:28:13-39
		INJECTED from src\main\AndroidManifest.xml
		INJECTED from src\main\AndroidManifest.xml
uses-permission#android.permission.CAMERA
ADDED from src\main\AndroidManifest.xml:29:3-63
	android:name
		ADDED from src\main\AndroidManifest.xml:29:20-60
uses-permission#android.permission.WRITE_EXTERNAL_STORAGE
ADDED from src\main\AndroidManifest.xml:30:3-79
	android:name
		ADDED from src\main\AndroidManifest.xml:30:20-76
uses-permission#android.permission.INTERNET
ADDED from src\main\AndroidManifest.xml:31:3-65
	android:name
		ADDED from src\main\AndroidManifest.xml:31:20-62
uses-permission#android.permission.READ_PHONE_STATE
ADDED from src\main\AndroidManifest.xml:32:3-73
	android:name
		ADDED from src\main\AndroidManifest.xml:32:20-70
uses-permission#android.permission.ACCESS_NETWORK_STATE
ADDED from src\main\AndroidManifest.xml:33:3-77
	android:name
		ADDED from src\main\AndroidManifest.xml:33:20-74
uses-feature#android.hardware.touchscreen
ADDED from src\main\AndroidManifest.xml:34:3-88
	android:required
		ADDED from src\main\AndroidManifest.xml:34:61-85
	android:name
		ADDED from src\main\AndroidManifest.xml:34:17-60
uses-feature#android.hardware.touchscreen.multitouch
ADDED from src\main\AndroidManifest.xml:35:3-99
	android:required
		ADDED from src\main\AndroidManifest.xml:35:72-96
	android:name
		ADDED from src\main\AndroidManifest.xml:35:17-71
uses-feature#android.hardware.touchscreen.multitouch.distinct
ADDED from src\main\AndroidManifest.xml:36:3-108
	android:required
		ADDED from src\main\AndroidManifest.xml:36:81-105
	android:name
		ADDED from src\main\AndroidManifest.xml:36:17-80